# JRE version: Java(TM) SE Runtime Environment (8.0_111-b14) (build 1.8.0_111-b14)
# Java VM: Java HotSpot(TM) Client VM (25.111-b14 mixed mode windows-x86 )
Heap:
 def new generation   total 39424K, used 31753K [0x05000000, 0x07ac0000, 0x0faa0000)
  eden space 35072K,  83% used [0x05000000, 0x06c7c278, 0x07240000)
  from space 4352K,  59% used [0x07680000, 0x07906488, 0x07ac0000)
  to   space 4352K,   0% used [0x07240000, 0x07240000, 0x07680000)
 tenured generation   total 87424K, used 61093K [0x0faa0000, 0x15000000, 0x25000000)
   the space 87424K,  69% used [0x0faa0000, 0x13649688, 0x13649800, 0x15000000)
 Metaspace       used 19548K, capacity 20050K, committed 20096K, reserved 20864K
GC Heap History (10 events):
Event: 2336.417 GC heap before
{Heap before GC invocations=17 (full 1):
 def new generation   total 39424K, used 35611K [0x05000000, 0x07ac0000, 0x0faa0000)
  eden space 35072K, 100% used [0x05000000, 0x07240000, 0x07240000)
  from space 4352K,  12% used [0x07240000, 0x072c6ef0, 0x07680000)
  to   space 4352K,   0% used [0x07680000, 0x07680000, 0x07ac0000)
 tenured generation   total 87424K, used 46027K [0x0faa0000, 0x15000000, 0x25000000)
   the space 87424K,  52% used [0x0faa0000, 0x12792c50, 0x12792e00, 0x15000000)
 Metaspace       used 19539K, capacity 20043K, committed 20096K, reserved 20864K
Event: 2336.419 GC heap after
Heap after GC invocations=18 (full 1):
 def new generation   total 39424K, used 887K [0x05000000, 0x07ac0000, 0x0faa0000)
  eden space 35072K,   0% used [0x05000000, 0x05000000, 0x07240000)
  from space 4352K,  20% used [0x07680000, 0x0775de68, 0x07ac0000)
  to   space 4352K,   0% used [0x07240000, 0x07240000, 0x07680000)
 tenured generation   total 87424K, used 46027K [0x0faa0000, 0x15000000, 0x25000000)
   the space 87424K,  52% used [0x0faa0000, 0x12792c50, 0x12792e00, 0x15000000)
 Metaspace       used 19539K, capacity 20043K, committed 20096K, reserved 20864K
}
Event: 2456.311 GC heap before
{Heap before GC invocations=18 (full 1):
 def new generation   total 39424K, used 35959K [0x05000000, 0x07ac0000, 0x0faa0000)
  eden space 35072K, 100% used [0x05000000, 0x07240000, 0x07240000)
  from space 4352K,  20% used [0x07680000, 0x0775de68, 0x07ac0000)
  to   space 4352K,   0% used [0x07240000, 0x07240000, 0x07680000)
 tenured generation   total 87424K, used 46027K [0x0faa0000, 0x15000000, 0x25000000)
   the space 87424K,  52% used [0x0faa0000, 0x12792c50, 0x12792e00, 0x15000000)
 Metaspace       used 19545K, capacity 20050K, committed 20096K, reserved 20864K
Event: 2456.317 GC heap after
Heap after GC invocations=19 (full 1):
 def new generation   total 39424K, used 2999K [0x05000000, 0x07ac0000, 0x0faa0000)
  eden space 35072K,   0% used [0x05000000, 0x05000000, 0x07240000)
  from space 4352K,  68% used [0x07240000, 0x0752dd00, 0x07680000)
  to   space 4352K,   0% used [0x07680000, 0x07680000, 0x07ac0000)
 tenured generation   total 87424K, used 53654K [0x0faa0000, 0x15000000, 0x25000000)
   the space 87424K,  61% used [0x0faa0000, 0x12f05a60, 0x12f05c00, 0x15000000)
 Metaspace       used 19545K, capacity 20050K, committed 20096K, reserved 20864K
}
Event: 2667.247 GC heap before
{Heap before GC invocations=19 (full 1):
 def new generation   total 39424K, used 38071K [0x05000000, 0x07ac0000, 0x0faa0000)
  eden space 35072K, 100% used [0x05000000, 0x07240000, 0x07240000)
  from space 4352K,  68% used [0x07240000, 0x0752dd00, 0x07680000)
  to   space 4352K,   0% used [0x07680000, 0x07680000, 0x07ac0000)
 tenured generation   total 87424K, used 53654K [0x0faa0000, 0x15000000, 0x25000000)
   the space 87424K,  61% used [0x0faa0000, 0x12f05a60, 0x12f05c00, 0x15000000)
 Metaspace       used 19545K, capacity 20050K, committed 20096K, reserved 20864K
Event: 2667.250 GC heap after
Heap after GC invocations=20 (full 1):
 def new generation   total 39424K, used 462K [0x05000000, 0x07ac0000, 0x0faa0000)
  eden space 35072K,   0% used [0x05000000, 0x05000000, 0x07240000)
  from space 4352K,  10% used [0x07680000, 0x076f3948, 0x07ac0000)
  to   space 4352K,   0% used [0x07240000, 0x07240000, 0x07680000)
 tenured generation   total 87424K, used 56304K [0x0faa0000, 0x15000000, 0x25000000)
   the space 87424K,  64% used [0x0faa0000, 0x1319c2d8, 0x1319c400, 0x15000000)
 Metaspace       used 19545K, capacity 20050K, committed 20096K, reserved 20864K
}
Event: 2727.312 GC heap before
{Heap before GC invocations=20 (full 1):
 def new generation   total 39424K, used 35534K [0x05000000, 0x07ac0000, 0x0faa0000)
  eden space 35072K, 100% used [0x05000000, 0x07240000, 0x07240000)
  from space 4352K,  10% used [0x07680000, 0x076f3948, 0x07ac0000)
  to   space 4352K,   0% used [0x07240000, 0x07240000, 0x07680000)
 tenured generation   total 87424K, used 56304K [0x0faa0000, 0x15000000, 0x25000000)
   the space 87424K,  64% used [0x0faa0000, 0x1319c2d8, 0x1319c400, 0x15000000)
 Metaspace       used 19545K, capacity 20050K, committed 20096K, reserved 20864K
Event: 2727.314 GC heap after
Heap after GC invocations=21 (full 1):
 def new generation   total 39424K, used 4352K [0x05000000, 0x07ac0000, 0x0faa0000)
  eden space 35072K,   0% used [0x05000000, 0x05000000, 0x07240000)
  from space 4352K, 100% used [0x07240000, 0x07680000, 0x07680000)
  to   space 4352K,   0% used [0x07680000, 0x07680000, 0x07ac0000)
 tenured generation   total 87424K, used 56820K [0x0faa0000, 0x15000000, 0x25000000)
   the space 87424K,  64% used [0x0faa0000, 0x1321d0c0, 0x1321d200, 0x15000000)
 Metaspace       used 19545K, capacity 20050K, committed 20096K, reserved 20864K
}
Event: 2845.525 GC heap before
{Heap before GC invocations=21 (full 1):
 def new generation   total 39424K, used 39424K [0x05000000, 0x07ac0000, 0x0faa0000)
  eden space 35072K, 100% used [0x05000000, 0x07240000, 0x07240000)
  from space 4352K, 100% used [0x07240000, 0x07680000, 0x07680000)
  to   space 4352K,   0% used [0x07680000, 0x07680000, 0x07ac0000)
 tenured generation   total 87424K, used 56820K [0x0faa0000, 0x15000000, 0x25000000)
   the space 87424K,  64% used [0x0faa0000, 0x1321d0c0, 0x1321d200, 0x15000000)
 Metaspace       used 19545K, capacity 20050K, committed 20096K, reserved 20864K
Event: 2845.531 GC heap after
Heap after GC invocations=22 (full 1):
 def new generation   total 39424K, used 2585K [0x05000000, 0x07ac0000, 0x0faa0000)
  eden space 35072K,   0% used [0x05000000, 0x05000000, 0x07240000)
  from space 4352K,  59% used [0x07680000, 0x07906488, 0x07ac0000)
  to   space 4352K,   0% used [0x07240000, 0x07240000, 0x07680000)
 tenured generation   total 87424K, used 61093K [0x0faa0000, 0x15000000, 0x25000000)
   the space 87424K,  69% used [0x0faa0000, 0x13649688, 0x13649800, 0x15000000)
 Metaspace       used 19545K, capacity 20050K, committed 20096K, reserved 20864K
}

